<?xml version="1.0" encoding="UTF-8"?>
<!-- Generated by org.testng.reporters.JUnitReportReporter -->
<testsuite skipped="0" hostname="dub-lp014594.pubedu.hegn.us" name="petstoretest.PetStoreTests" tests="3" failures="0" timestamp="2020-05-05T09:59:33 IST" time="5.429" errors="0">
  <testcase name="verifyPetsCreated" time="3.182" classname="petstoretest.PetStoreTests"/>
  <testcase name="verifyPetsUpdated" time="1.225" classname="petstoretest.PetStoreTests"/>
  <testcase name="verifyPetsDeleted" time="1.022" classname="petstoretest.PetStoreTests"/>
</testsuite> <!-- petstoretest.PetStoreTests -->
